2025-09-19 15:06:31,666 - INFO - config file config.json not found, using defaults
2025-09-19 15:06:31,666 - INFO - starting training with configuration:
2025-09-19 15:06:31,666 - INFO -   env_name: HalfCheetah-v5
2025-09-19 15:06:31,666 - INFO -   n_envs: 4
2025-09-19 15:06:31,666 - INFO -   timesteps: 5000000
2025-09-19 15:06:31,666 - INFO -   gamma: 0.995
2025-09-19 15:06:31,666 - INFO -   ent_coef: 0.02
2025-09-19 15:06:31,666 - INFO -   n_steps: 4096
2025-09-19 15:06:31,666 - INFO -   learning_rate: 0.001
2025-09-19 15:06:31,666 - INFO -   seed: 42
2025-09-19 15:06:31,666 - INFO -   eval_freq: 10000
2025-09-19 15:06:31,666 - INFO -   n_eval_episodes: 5
2025-09-19 15:06:31,666 - INFO - using device: cpu
2025-09-19 15:06:31,666 - INFO - created/verified directory: model
2025-09-19 15:06:31,667 - INFO - created/verified directory: logs
2025-09-19 15:06:31,667 - INFO - created/verified directory: env
2025-09-19 15:06:31,667 - INFO - saved training config to logs/training_config.json
2025-09-19 15:06:31,872 - INFO - created training and evaluation environments
2025-09-19 15:06:32,476 - INFO - created ppo model
2025-09-19 15:06:32,488 - INFO - model parameters: {'policy': OrderedDict({'log_std': tensor([0., 0., 0., 0., 0., 0.]), 'mlp_extractor.policy_net.0.weight': tensor([[ 1.9648e-01, -6.3237e-03, -9.0755e-02,  ...,  4.4761e-02,
         -1.6172e-02,  8.4232e-02],
        [-3.6696e-01,  5.8593e-02,  1.6218e-02,  ..., -6.0102e-02,
         -2.3781e-02, -1.8511e-01],
        [ 8.4204e-02, -1.3526e-01,  6.5745e-02,  ...,  8.1275e-02,
          2.0237e-02, -1.1868e-01],
        ...,
        [-1.0892e-01,  5.2665e-01, -3.1125e-02,  ...,  6.4772e-02,
         -8.8312e-03,  1.1799e-01],
        [ 2.5410e-01, -7.5959e-03, -7.8868e-02,  ..., -5.2508e-03,
         -4.4750e-02, -3.2170e-01],
        [ 4.5827e-04, -1.8008e-01, -3.3194e-01,  ...,  1.2573e-02,
          5.1429e-01,  4.5799e-02]]), 'mlp_extractor.policy_net.0.bias': tensor([0., 0., 0., 0., 0., 0., 0., 0., 0., 0., 0., 0., 0., 0., 0., 0., 0., 0., 0., 0., 0., 0., 0., 0.,
        0., 0., 0., 0., 0., 0., 0., 0., 0., 0., 0., 0., 0., 0., 0., 0., 0., 0., 0., 0., 0., 0., 0., 0.,
        0., 0., 0., 0., 0., 0., 0., 0., 0., 0., 0., 0., 0., 0., 0., 0.]), 'mlp_extractor.policy_net.2.weight': tensor([[-0.0887, -0.1349,  0.2011,  ...,  0.0623, -0.2038, -0.1909],
        [ 0.0620, -0.1104,  0.0228,  ...,  0.1775,  0.1685, -0.0818],
        [-0.1166,  0.0303, -0.2258,  ...,  0.1293, -0.1041, -0.1908],
        ...,
        [-0.4389,  0.0830,  0.3035,  ...,  0.1311,  0.2762, -0.0194],
        [ 0.3020, -0.4266,  0.0753,  ...,  0.0254, -0.1099, -0.0223],
        [-0.0756,  0.3527,  0.1495,  ..., -0.0870, -0.0468, -0.2819]]), 'mlp_extractor.policy_net.2.bias': tensor([0., 0., 0., 0., 0., 0., 0., 0., 0., 0., 0., 0., 0., 0., 0., 0., 0., 0., 0., 0., 0., 0., 0., 0.,
        0., 0., 0., 0., 0., 0., 0., 0., 0., 0., 0., 0., 0., 0., 0., 0., 0., 0., 0., 0., 0., 0., 0., 0.,
        0., 0., 0., 0., 0., 0., 0., 0., 0., 0., 0., 0., 0., 0., 0., 0.]), 'mlp_extractor.value_net.0.weight': tensor([[-0.2643, -0.1657, -0.2141,  ...,  0.1179, -0.2560,  0.0759],
        [-0.2984, -0.0962, -0.0238,  ..., -0.2562, -0.0452, -0.0598],
        [-0.0629, -0.1975,  0.3622,  ..., -0.3466, -0.1323,  0.2178],
        ...,
        [ 0.1301, -0.1319, -0.1907,  ..., -0.0075,  0.2268, -0.0604],
        [ 0.1087,  0.2515, -0.0606,  ...,  0.0589,  0.0353, -0.0278],
        [ 0.0822,  0.0542, -0.2110,  ...,  0.0726, -0.1907,  0.2093]]), 'mlp_extractor.value_net.0.bias': tensor([0., 0., 0., 0., 0., 0., 0., 0., 0., 0., 0., 0., 0., 0., 0., 0., 0., 0., 0., 0., 0., 0., 0., 0.,
        0., 0., 0., 0., 0., 0., 0., 0., 0., 0., 0., 0., 0., 0., 0., 0., 0., 0., 0., 0., 0., 0., 0., 0.,
        0., 0., 0., 0., 0., 0., 0., 0., 0., 0., 0., 0., 0., 0., 0., 0.]), 'mlp_extractor.value_net.2.weight': tensor([[-3.8710e-01, -1.8227e-01,  7.2916e-02,  ...,  3.0998e-01,
          3.1315e-02,  3.8580e-01],
        [-1.7188e-01,  1.8846e-01,  9.2520e-02,  ...,  3.6581e-02,
         -5.5682e-02, -1.9086e-01],
        [ 2.1068e-01, -9.4663e-04,  3.6868e-04,  ...,  7.2538e-02,
          2.3480e-01,  1.2607e-01],
        ...,
        [-2.3004e-02, -3.9493e-02,  9.6127e-02,  ..., -9.2018e-02,
         -1.2648e-01,  2.4229e-01],
        [-2.9032e-02,  2.7448e-02,  1.7454e-01,  ..., -1.6612e-01,
         -1.1202e-01,  1.0861e-01],
        [-8.5158e-02,  3.8057e-02, -7.4758e-02,  ...,  1.2764e-01,
          3.2757e-01,  1.7713e-01]]), 'mlp_extractor.value_net.2.bias': tensor([0., 0., 0., 0., 0., 0., 0., 0., 0., 0., 0., 0., 0., 0., 0., 0., 0., 0., 0., 0., 0., 0., 0., 0.,
        0., 0., 0., 0., 0., 0., 0., 0., 0., 0., 0., 0., 0., 0., 0., 0., 0., 0., 0., 0., 0., 0., 0., 0.,
        0., 0., 0., 0., 0., 0., 0., 0., 0., 0., 0., 0., 0., 0., 0., 0.]), 'action_net.weight': tensor([[-8.3232e-05, -6.7612e-04,  1.9463e-03, -8.5036e-05, -1.0894e-03,
          1.7702e-04, -6.6713e-04,  4.6327e-04,  1.4630e-03,  1.3777e-03,
          1.6534e-03,  2.4000e-04, -1.6954e-04,  1.0382e-03,  4.6029e-04,
          1.6146e-03, -1.3089e-03, -5.7736e-04, -7.5708e-04, -9.3037e-04,
          7.1069e-04, -8.0794e-04,  9.0504e-04,  1.8168e-03,  7.6369e-04,
         -1.5998e-03, -2.2333e-05, -1.2187e-04,  9.5714e-04, -1.8599e-04,
         -1.6079e-04, -4.0970e-04, -9.8143e-05, -8.5331e-04,  1.2426e-03,
         -2.0446e-03, -1.7439e-04, -1.4921e-03,  1.3783e-03,  1.3014e-03,
          2.1990e-03, -5.8674e-04,  4.6248e-04,  1.9106e-03, -1.1032e-03,
         -5.0200e-04, -3.2319e-04,  1.6419e-03, -1.8049e-04,  3.0200e-04,
         -2.9577e-03, -1.3162e-04,  2.4206e-03, -6.4614e-04, -2.6394e-03,
         -7.2192e-04,  1.8028e-03, -1.2483e-03,  8.6498e-07, -2.6309e-03,
         -1.1947e-03,  2.4006e-04, -2.9231e-03, -5.9039e-05],
        [-1.7592e-03,  6.5115e-05, -2.4537e-04, -5.8823e-04,  1.9175e-03,
         -2.4143e-03, -1.0478e-03,  1.8071e-03, -2.0167e-03,  1.9887e-03,
          1.3311e-03,  3.3017e-04,  8.3809e-04, -9.5673e-06,  1.0687e-03,
          7.4391e-04,  4.0632e-04, -1.6690e-03, -1.7886e-03,  1.4860e-03,
          8.4802e-04,  1.4391e-03,  3.6691e-04, -1.3039e-04, -1.8178e-03,
          1.8862e-04, -6.4741e-04, -6.9356e-04, -8.0671e-04, -3.8837e-04,
         -3.1333e-04, -1.4917e-03,  1.5364e-03,  4.3847e-04, -1.7251e-03,
         -4.1086e-05,  1.6105e-03, -5.1679e-04, -3.7031e-04,  5.2492e-04,
         -4.5332e-04,  1.8552e-04,  6.6890e-04, -2.5942e-03,  4.0625e-04,
          2.2006e-03,  7.0968e-04, -1.6050e-03, -7.9083e-04,  1.4348e-03,
         -1.1508e-03,  2.6410e-04,  6.9378e-04, -7.9186e-04, -6.1078e-04,
         -3.5612e-06,  8.0240e-04, -3.4385e-04,  2.3151e-03, -1.3577e-03,
         -2.0348e-04,  1.9493e-03,  7.7072e-04,  3.0646e-03],
        [-2.1234e-03,  5.2777e-06,  2.2322e-03, -7.6639e-04,  1.1596e-03,
         -1.0659e-03,  3.8035e-04, -4.5971e-05,  1.4640e-04, -9.2153e-04,
          1.0002e-03,  2.1557e-04, -2.8379e-04,  7.7977e-04,  2.6827e-03,
          2.0869e-03,  2.3508e-03,  1.1996e-03,  6.9551e-04, -3.5169e-04,
         -1.7135e-03,  1.2476e-03, -4.0622e-03,  1.1923e-04,  8.9087e-04,
         -7.9992e-04,  1.3997e-03,  7.6526e-04, -9.8245e-04,  7.9233e-04,
          6.1530e-04,  2.0976e-03,  1.2313e-03,  9.3921e-05,  9.4597e-04,
         -1.6685e-03,  5.2650e-04,  1.4607e-03,  7.1300e-05,  9.8894e-04,
          2.6508e-04, -1.3853e-03,  6.5788e-04, -8.4522e-04, -1.0232e-03,
         -2.3182e-04,  1.4525e-03, -6.4104e-04, -4.4781e-04,  2.2290e-04,
          1.2531e-03, -1.5885e-04,  6.3826e-04, -1.1869e-03,  1.3370e-03,
          2.1417e-03, -7.3171e-04, -8.1778e-04, -6.5180e-04,  9.0773e-04,
         -4.6904e-04, -1.1320e-03, -2.1600e-03,  4.3998e-04],
        [ 1.2677e-03, -1.4574e-03,  3.0011e-04, -7.2668e-04,  9.2381e-04,
         -1.4234e-03,  3.8443e-04, -1.4944e-04,  6.9764e-04, -3.7189e-04,
         -1.0887e-03, -3.1946e-04, -1.1895e-03, -2.5296e-04, -5.5649e-04,
         -2.3282e-03, -1.2183e-04,  5.4304e-04,  3.3620e-04, -7.7285e-04,
         -8.1242e-04, -2.4003e-04,  6.0698e-05, -3.6022e-04,  8.3502e-04,
         -1.9735e-04,  1.0914e-03,  6.4380e-04, -2.1675e-04, -1.6292e-03,
         -1.4741e-04,  6.2966e-04,  6.9507e-04,  9.6091e-05,  5.5753e-04,
         -1.6260e-03, -2.7063e-03, -1.1743e-03,  8.0806e-04, -8.6534e-04,
         -4.8958e-04, -1.0869e-03, -4.3151e-04, -2.1346e-03, -1.4391e-03,
          1.3232e-03, -1.4492e-03, -1.4829e-03,  7.6989e-04,  3.1673e-03,
         -1.6957e-03, -4.6136e-04,  2.1616e-04, -2.6967e-04, -2.3481e-04,
          2.0163e-03, -2.0638e-03,  1.4961e-03, -2.1343e-03, -3.4336e-03,
          2.4226e-03,  1.1822e-03,  4.9222e-04,  8.4641e-05],
        [ 3.7344e-04, -6.5124e-04, -2.2802e-03, -4.6849e-04, -5.3012e-04,
         -1.5461e-03, -1.6843e-03,  7.8221e-04, -1.4182e-03,  3.9669e-04,
          8.1036e-04,  4.7624e-04, -1.1160e-04,  1.6750e-03, -4.1956e-04,
          2.0062e-03, -5.2248e-04,  5.5715e-04,  2.3678e-03,  9.7338e-04,
          2.1484e-04,  1.5744e-03, -9.5501e-04,  1.9115e-03, -1.0883e-03,
         -1.7628e-04,  1.2921e-03,  2.9489e-03,  2.4778e-03, -8.7717e-04,
          7.4462e-05, -1.3665e-03,  1.9944e-04,  4.7724e-04, -1.7612e-03,
          1.4390e-03, -2.4281e-03,  2.9684e-03, -3.7968e-04,  8.7612e-04,
         -7.9195e-04, -1.1418e-03, -6.7615e-05,  1.8657e-04, -6.7752e-04,
         -2.8064e-04,  7.3477e-04, -2.5963e-04,  7.2766e-04, -3.1498e-04,
         -1.0065e-03, -3.4293e-04, -6.1310e-04,  1.4299e-03, -3.3152e-04,
         -1.7722e-03, -6.4488e-04, -8.6801e-04, -3.9786e-04, -1.6231e-04,
          1.5651e-03,  1.2495e-03, -1.4361e-03, -2.0502e-03],
        [ 2.0888e-03, -4.0675e-05, -6.8362e-04, -2.1816e-03,  7.2947e-04,
          3.9888e-04,  3.5475e-04, -2.1477e-03, -2.1904e-04, -1.5154e-03,
          2.0568e-03,  6.4937e-04, -1.2914e-03, -1.1285e-04,  2.5696e-06,
         -3.1204e-04, -1.5639e-03,  1.5740e-03, -1.4685e-03,  1.2416e-04,
         -5.3308e-06,  2.4549e-04, -7.3655e-04,  2.5628e-04, -3.2542e-04,
         -3.6156e-04, -1.3425e-03,  1.0808e-03, -1.3770e-03, -1.7631e-03,
         -2.3243e-04,  5.8673e-05, -1.0380e-03,  1.2188e-03, -3.2510e-04,
         -1.4266e-03,  2.3564e-03,  1.7635e-04,  9.0688e-05,  2.9845e-03,
         -2.5555e-03, -1.4944e-03,  2.9119e-05,  1.9891e-04,  9.0957e-04,
          1.0977e-03, -1.7247e-03,  2.2020e-03, -2.6888e-03,  8.4197e-04,
          7.0837e-04,  1.7359e-03,  1.8001e-04,  1.0243e-03,  6.1107e-04,
         -8.4311e-04, -1.4122e-03, -1.3213e-03,  1.3340e-03, -1.2299e-03,
          7.6071e-05, -6.6707e-04,  3.4170e-04, -1.0439e-03]]), 'action_net.bias': tensor([0., 0., 0., 0., 0., 0.]), 'value_net.weight': tensor([[ 5.4990e-02, -8.9549e-02, -1.1471e-01, -6.2309e-02, -6.9192e-02,
          1.7502e-01, -1.4781e-01, -1.1874e-01,  2.6572e-02, -1.2070e-04,
         -5.4120e-02,  1.9809e-01, -2.3292e-01,  2.5745e-01, -7.9885e-02,
          3.6565e-03,  5.8403e-02, -3.9008e-03,  4.5474e-02, -3.3140e-01,
         -1.0504e-01,  1.4601e-01,  3.6766e-02,  1.2714e-01,  3.3503e-02,
         -3.4010e-02, -3.2178e-02,  5.2754e-02, -2.0773e-02,  8.9461e-02,
          1.0548e-01,  1.0385e-01, -1.9214e-01, -1.3590e-01, -1.4984e-01,
         -2.8856e-02, -2.8451e-02, -1.9297e-01,  5.8271e-02,  2.6101e-02,
          2.4288e-01, -2.8489e-02,  1.0030e-01, -1.2786e-01, -1.9739e-01,
         -1.5288e-01,  2.7275e-02,  6.8007e-02, -1.7663e-01,  8.9524e-02,
          7.1257e-02,  8.8099e-02, -1.9997e-01,  1.2671e-01,  1.0114e-01,
          1.6787e-01,  1.0602e-01, -5.6466e-02, -5.5414e-03,  8.3344e-02,
          1.5680e-01, -1.1566e-01,  1.3954e-02, -2.1986e-01]]), 'value_net.bias': tensor([0.])}), 'policy.optimizer': {'state': {}, 'param_groups': [{'lr': 0.001, 'betas': (0.9, 0.999), 'eps': 1e-05, 'weight_decay': 0, 'amsgrad': False, 'maximize': False, 'foreach': None, 'capturable': False, 'differentiable': False, 'fused': None, 'decoupled_weight_decay': False, 'params': [0, 1, 2, 3, 4, 5, 6, 7, 8, 9, 10, 11, 12]}]}}
2025-09-19 15:06:32,489 - INFO - starting training for 5000000 timesteps
